<?xml version="1.0" encoding="UTF-8"?>
<testsuite name="com.yamyam.CouponConcurrencyTest" tests="2" skipped="0" failures="0" errors="0" timestamp="2026-08-08T04:50:50.580Z" hostname="codespaces-4e3b1d" time="12.374">
  <properties/>
  <testcase name="락없으면_초과발급된다()" classname="com.yamyam.CouponConcurrencyTest" time="1.128"/>
  <testcase name="원자적UPDATE면_정확히_한도만_발급된다()" classname="com.yamyam.CouponConcurrencyTest" time="0.296"/>
  <system-out><![CDATA[04:50:50.910 [Test worker] INFO org.springframework.test.context.support.AnnotationConfigContextLoaderUtils -- Could not detect default configuration classes for test class [com.yamyam.CouponConcurrencyTest]: CouponConcurrencyTest does not declare any static, non-private, non-final, nested classes annotated with @Configuration.
04:50:51.106 [Test worker] INFO org.springframework.boot.test.context.SpringBootTestContextBootstrapper -- Found @SpringBootConfiguration com.yamyam.YamyamApplication for test class com.yamyam.CouponConcurrencyTest
04:50:51.334 [Test worker] INFO org.springframework.test.context.support.AnnotationConfigContextLoaderUtils -- Could not detect default configuration classes for test class [com.yamyam.CouponConcurrencyTest]: CouponConcurrencyTest does not declare any static, non-private, non-final, nested classes annotated with @Configuration.
04:50:51.340 [Test worker] INFO org.springframework.boot.test.context.SpringBootTestContextBootstrapper -- Found @SpringBootConfiguration com.yamyam.YamyamApplication for test class com.yamyam.CouponConcurrencyTest

  .   ____          _            __ _ _
 /\\ / ___'_ __ _ _(_)_ __  __ _ \ \ \ \
( ( )\___ | '_ | '_| | '_ \/ _` | \ \ \ \
 \\/  ___)| |_)| | | | | || (_| |  ) ) ) )
  '  |____| .__|_| |_|_| |_\__, | / / / /
 =========|_|==============|___/=/_/_/_/

 :: Spring Boot ::                (v4.1.0)

2026-08-08T04:50:51.966Z  INFO 47503 --- [    Test worker] com.yamyam.CouponConcurrencyTest         : Starting CouponConcurrencyTest using Java 25.0.2 with PID 47503 (started by codespace in /workspaces/yamyam-server)
2026-08-08T04:50:51.973Z  INFO 47503 --- [    Test worker] com.yamyam.CouponConcurrencyTest         : No active profile set, falling back to 1 default profile: "default"
2026-08-08T04:50:53.104Z  INFO 47503 --- [    Test worker] .s.d.r.c.RepositoryConfigurationDelegate : Bootstrapping Spring Data JPA repositories in DEFAULT mode.
2026-08-08T04:50:53.213Z  INFO 47503 --- [    Test worker] .s.d.r.c.RepositoryConfigurationDelegate : Finished Spring Data repository scanning in 93 ms. Found 3 JPA repository interfaces.
2026-08-08T04:50:53.840Z  INFO 47503 --- [    Test worker] org.hibernate.orm.jpa                    : HHH008540: Processing PersistenceUnitInfo [name: default]
2026-08-08T04:50:53.921Z  INFO 47503 --- [    Test worker] org.hibernate.orm.core                   : HHH000001: Hibernate ORM core version 7.4.1.Final
2026-08-08T04:50:54.449Z  INFO 47503 --- [    Test worker] o.s.o.j.p.SpringPersistenceUnitInfo      : No LoadTimeWeaver setup: ignoring JPA class transformer
2026-08-08T04:50:54.496Z  INFO 47503 --- [    Test worker] com.zaxxer.hikari.HikariDataSource       : HikariPool-1 - Starting...
2026-08-08T04:50:54.736Z  INFO 47503 --- [    Test worker] com.zaxxer.hikari.pool.HikariPool        : HikariPool-1 - Added connection conn0: url=jdbc:h2:mem:yamyam user=SA
2026-08-08T04:50:54.744Z  INFO 47503 --- [    Test worker] com.zaxxer.hikari.HikariDataSource       : HikariPool-1 - Start completed.
2026-08-08T04:50:54.820Z  INFO 47503 --- [    Test worker] org.hibernate.orm.connections.pooling    : HHH10001005: Database info:
	Database JDBC URL [jdbc:h2:mem:yamyam]
	Database driver: H2 JDBC Driver
	Database dialect: H2Dialect
	Database version: 2.4.240
	Default catalog/schema: YAMYAM/PUBLIC
	Autocommit mode: undefined/unknown
	Isolation level: READ_COMMITTED [default READ_COMMITTED]
	JDBC fetch size: 100
	Pool: DataSourceConnectionProvider
	Minimum pool size: undefined/unknown
	Maximum pool size: undefined/unknown
2026-08-08T04:50:56.185Z  INFO 47503 --- [    Test worker] org.hibernate.orm.core                   : HHH000489: No JTA platform available (set 'hibernate.transaction.jta.platform' to enable JTA platform integration)
2026-08-08T04:50:56.192Z  INFO 47503 --- [    Test worker] org.hibernate.orm.jdbc.batch             : HHH100501: Automatic JDBC statement batching enabled (maximum batch size 500)
2026-08-08T04:50:56.241Z  INFO 47503 --- [    Test worker] j.LocalContainerEntityManagerFactoryBean : Initialized JPA EntityManagerFactory for persistence unit 'default'
2026-08-08T04:50:56.367Z  INFO 47503 --- [    Test worker] o.s.d.j.r.query.QueryEnhancerFactories   : Hibernate is in classpath; If applicable, HQL parser will be used.
2026-08-08T04:50:57.938Z  WARN 47503 --- [    Test worker] JpaBaseConfiguration$JpaWebConfiguration : spring.jpa.open-in-view is enabled by default. Therefore, database queries may be performed during view rendering. Explicitly configure spring.jpa.open-in-view to disable this warning
2026-08-08T04:50:58.543Z  INFO 47503 --- [    Test worker] com.yamyam.CouponConcurrencyTest         : Started CouponConcurrencyTest in 7.064 seconds (process running for 9.33)
=== 쿠폰 준비 완료: ID=1, '이병태 함흥냉면 도곡점' 30% 할인, 선착순 100장 ===
=== 데이터 적재 완료: 음식점 10932곳, 회귀계수 5개 ===
[락 없음] 쿠폰 받은 사람 = 300 (한도 100), 기록된 수량 = 7 -> 초과 발급 + 카운터 붕괴!
[원자적 UPDATE] 발급 수량 = 100, 성공 100 / 시도 300
]]></system-out>
  <system-err><![CDATA[Mockito is currently self-attaching to enable the inline-mock-maker. This will no longer work in future releases of the JDK. Please add Mockito as an agent to your build as described in Mockito's documentation: https://javadoc.io/doc/org.mockito/mockito-core/latest/org.mockito/org/mockito/Mockito.html#0.3
WARNING: A Java agent has been loaded dynamically (/home/codespace/.gradle/caches/modules-2/files-2.1/net.bytebuddy/byte-buddy-agent/1.18.10/9426d28828bdcdf42666bb7a68c468279ea78f59/byte-buddy-agent-1.18.10.jar)
WARNING: If a serviceability tool is in use, please run with -XX:+EnableDynamicAgentLoading to hide this warning
WARNING: If a serviceability tool is not in use, please run with -Djdk.instrument.traceUsage for more information
WARNING: Dynamic loading of agents will be disallowed by default in a future release
]]></system-err>
</testsuite>
